{"level":"info","message":"Hello logger","service":"user-service"}
{"level":"info","message":"Listening on port 5000","service":"user-service"}
{"level":"info","message":"Listening on port 5000","service":"user-service"}
{"level":"info","message":"Attempting database connection, attempt 1","service":"user-service"}
{"level":"info","message":"Listening on port 5000","service":"user-service"}
{"level":"info","message":"Connection has been established successfully.","service":"user-service"}
{"level":"info","message":"Attempting database connection, attempt 1","service":"user-service"}
{"level":"info","message":"Listening on port 5000","service":"user-service"}
{"level":"info","message":"Connection has been established successfully.","service":"user-service"}
{"level":"info","message":"Attempting database connection, attempt 1","service":"user-service"}
{"level":"info","message":"Listening on port 5000","service":"user-service"}
{"level":"info","message":"Connection has been established successfully.","service":"user-service"}
{"level":"info","message":"User model synced!","service":"user-service"}
{"level":"info","message":"Attempting database connection, attempt 1","service":"user-service"}
{"level":"info","message":"Listening on port 5000","service":"user-service"}
{"level":"info","message":"Connection has been established successfully.","service":"user-service"}
{"level":"info","message":"User model synced!","service":"user-service"}
{"level":"info","message":"Attempting database connection, attempt 1","service":"user-service"}
{"level":"info","message":"Listening on port 5000","service":"user-service"}
{"level":"info","message":"Connection has been established successfully.","service":"user-service"}
{"level":"info","message":"User model synced!","service":"user-service"}
{"level":"info","message":"User jakob log in","service":"user-service"}
